# mesh=2000, xmin=1.800000, lmax=6
#     E          sigma(E)     sigma_l(E), l=0, lmax
0.100000 84.093959 66.909010 8.948384 7.837914 0.379440 0.018944 0.000263 0.000002
0.110000 87.082744 71.877047 5.942316 8.712174 0.517657 0.032991 0.000553 0.000006
0.120000 89.713591 76.064607 3.557625 9.364302 0.672050 0.053924 0.001068 0.000015
0.130000 92.068544 79.551787 1.806980 9.787136 0.837045 0.083640 0.001924 0.000031
0.140000 94.203031 82.413637 0.666586 9.988730 1.006571 0.124176 0.003268 0.000063
0.150000 96.157056 84.718628 0.093288 9.987440 1.174619 0.177688 0.005274 0.000118
0.160000 97.961619 86.528291 0.035125 9.807713 1.335675 0.246460 0.008144 0.000211
0.170000 99.642299 87.897463 0.437602 9.476810 1.485026 0.332943 0.012098 0.000358
0.180000 101.221237 88.874815 1.247247 9.022479 1.618924 0.439822 0.017367 0.000583
0.190000 102.718278 89.503487 2.413479 8.471437 1.734637 0.570137 0.024185 0.000915
0.200000 104.151700 89.821748 3.889469 7.848470 1.830410 0.727435 0.032779 0.001390
0.210000 105.538754 89.863603 5.632403 7.175998 1.905363 0.915978 0.043362 0.002047
0.220000 106.896149 89.659357 7.603427 6.473941 1.959353 1.141014 0.056124 0.002933
0.230000 108.240564 89.236102 9.767414 5.759769 1.992830 1.409124 0.071225 0.004099
0.240000 109.589227 88.618143 12.092670 5.048657 2.006687 1.728675 0.088796 0.005600
0.250000 110.960634 87.827357 14.550613 4.353701 2.002130 2.110411 0.108931 0.007492
0.260000 112.375447 86.883497 17.115474 3.686123 1.980569 2.568257 0.131694 0.009832
0.270000 113.857686 85.804456 19.764015 3.055490 1.943528 3.120403 0.157119 0.012675
0.280000 115.436340 84.606474 22.475284 2.469898 1.892577 3.790818 0.185213 0.016075
0.290000 117.147600 83.304328 25.230399 1.936141 1.829287 4.611402 0.215963 0.020081
0.300000 119.038039 81.911480 28.012358 1.459851 1.755197 5.625076 0.249344 0.024733
0.310000 121.169249 80.440211 30.805879 1.045621 1.671801 6.890345 0.285325 0.030068
0.320000 123.624765 78.901729 33.597255 0.697112 1.580536 8.488147 0.323873 0.036113
0.330000 126.520644 77.306264 36.374232 0.417139 1.482789 10.532371 0.364965 0.042885
0.340000 130.022064 75.663156 39.125890 0.207750 1.379895 13.186387 0.408592 0.050393
0.350000 134.370029 73.980923 41.842548 0.070302 1.273149 16.689706 0.454762 0.058639
0.360000 139.925598 72.267327 44.515666 0.005518 1.163811 21.402152 0.503508 0.067616
0.370000 147.245251 70.529436 47.137762 0.013557 1.053113 27.879184 0.554892 0.077307
0.380000 157.213093 68.773675 49.702329 0.094060 0.942269 37.004066 0.609002 0.087693
0.390000 171.278645 67.005871 52.203757 0.246215 0.832473 50.225622 0.665960 0.098747
0.400000 191.889908 65.231307 54.637265 0.468805 0.724904 69.991265 0.725922 0.110439
0.410000 223.262217 63.454755 56.998826 0.760258 0.620724 100.515839 0.789075 0.122740
0.420000 272.548677 61.680520 59.285107 1.118696 0.521079 148.952022 0.855637 0.135616
0.430000 350.426338 59.912476 61.493400 1.541985 0.427090 225.976488 0.925861 0.149037
0.440000 464.666009 58.154100 63.621570 2.027774 0.339852 339.359710 1.000028 0.162975
0.450000 589.474341 56.408502 65.667991 2.573540 0.260425 463.308031 1.078448 0.177404
0.460000 638.357839 54.678458 67.631500 3.176625 0.189831 511.327663 1.161457 0.192306
0.470000 572.879188 52.966438 69.511341 3.834272 0.129043 444.981013 1.249417 0.207664
0.480000 467.365893 51.274631 71.307124 4.543660 0.078979 338.595315 1.342714 0.223471
0.490000 379.380503 49.604969 73.018778 5.301926 0.040499 249.732852 1.441753 0.239725
0.500000 317.825843 47.959152 74.646515 6.106202 0.014397 187.296185 1.546961 0.256431
0.510000 276.243321 46.338667 76.190791 6.953626 0.001398 144.826456 1.658782 0.273601
0.520000 247.850898 44.744809 77.652272 7.841370 0.002154 115.541363 1.777677 0.291253
0.530000 228.004734 43.178696 79.031808 8.766654 0.017241 94.796800 1.904122 0.309414
0.540000 213.785321 41.641291 80.330403 9.726758 0.047159 79.672986 2.038608 0.328115
0.550000 203.369940 40.133411 81.549191 10.719036 0.092332 68.346932 2.181643 0.347395
0.560000 195.600330 38.655745 82.689417 11.740920 0.153110 59.660098 2.333745 0.367295
0.570000 189.721617 37.208863 83.752413 12.789932 0.229770 52.857325 2.495450 0.387864
0.580000 185.228539 35.793230 84.739590 13.863684 0.322516 47.433055 2.667309 0.409154
0.590000 181.774133 34.409215 85.652416 14.959881 0.431491 43.040021 2.849889 0.431220
0.600000 179.114418 33.057101 86.492405 16.076323 0.556771 39.433922 3.043776 0.454119
0.610000 177.074081 31.737091 87.261112 17.210905 0.698379 36.439106 3.249576 0.477912
0.620000 175.524664 30.449318 87.960116 18.361612 0.856282 33.926755 3.467921 0.502660
0.630000 174.370375 29.193851 88.591021 19.526523 1.030403 31.800687 3.699466 0.528424
0.640000 173.538641 27.970698 89.155441 20.703801 1.220623 29.987910 3.944902 0.555267
0.650000 172.973702 26.779816 89.655001 21.891693 1.426785 28.432206 4.204952 0.583249
0.660000 172.632172 25.621114 90.091333 23.088527 1.648701 27.089685 4.480381 0.612430
0.670000 172.479915 24.494454 90.466067 24.292706 1.886157 25.925661 4.772001 0.642869
0.680000 172.489816 23.399661 90.780834 25.502702 2.138918 24.912406 5.080674 0.674621
0.690000 172.640154 22.336520 91.037259 26.717058 2.406728 24.027523 5.407326 0.707740
0.700000 172.913415 21.304784 91.236965 27.934376 2.689319 23.252749 5.752944 0.742277
0.710000 173.295401 20.304175 91.381566 29.153320 2.986413 22.573057 6.118593 0.778277
0.720000 173.774568 19.334384 91.472667 30.372607 3.297723 21.975982 6.505420 0.815785
0.730000 174.341515 18.395080 91.511864 31.591007 3.622957 21.451105 6.914661 0.854841
0.740000 174.988599 17.485905 91.500746 32.807340 3.961819 20.989655 7.347654 0.895480
0.750000 175.709633 16.606480 91.440886 34.020471 4.314012 20.584204 7.805846 0.937735
0.760000 176.499655 15.756406 91.333850 35.229306 4.679240 20.228416 8.290804 0.981633
0.770000 177.354748 14.935266 91.181187 36.432798 5.057207 19.916865 8.804226 1.027200
0.780000 178.271892 14.142626 90.984437 37.629934 5.447616 19.644874 9.347948 1.074458
0.790000 179.248859 13.378039 90.745122 38.819742 5.850176 19.408396 9.923961 1.123423
0.800000 180.284121 12.641042 90.464753 40.001287 6.264595 19.203915 10.534418 1.174113
0.810000 181.376781 11.931160 90.144821 41.173668 6.690582 19.028360 11.181650 1.226540
0.820000 182.526520 11.247911 89.786805 42.336022 7.127849 18.879044 11.868174 1.280715
0.830000 183.733557 10.590800 89.392163 43.487518 7.576109 18.753608 12.596710 1.336648
0.840000 184.998613 9.959326 88.962336 44.627361 8.035075 18.649973 13.370194 1.394348
0.850000 186.322888 9.352980 88.498746 45.754788 8.504458 18.566304 14.191788 1.453825
0.860000 187.708047 8.771250 88.002793 46.869071 8.983970 18.500977 15.064899 1.515086
0.870000 189.156203 8.213618 87.475858 47.969517 9.473322 18.452553 15.993192 1.578143
0.880000 190.669910 7.679562 86.919297 49.055465 9.972220 18.419754 16.980605 1.643007
0.890000 192.252161 7.168561 86.334445 50.126288 10.480371 18.401445 18.031360 1.709692
0.900000 193.906384 6.680089 85.722613 51.181395 10.997474 18.396614 19.149985 1.778215
0.910000 195.636442 6.213622 85.085085 52.220226 11.523229 18.404361 20.341324 1.848595
0.920000 197.446634 5.768637 84.423121 53.242258 12.057329 18.423882 21.610551 1.920856
0.930000 199.341703 5.344613 83.737953 54.246999 12.599463 18.454461 22.963186 1.995026
0.940000 201.326829 4.941030 83.030789 55.233994 13.149314 18.495457 24.405105 2.071139
0.950000 203.407639 4.557371 82.302805 56.202820 13.706563 18.546298 25.942550 2.149233
0.960000 205.590203 4.193124 81.555153 57.153087 14.270885 18.606470 27.582136 2.229349
0.970000 207.881031 3.847783 80.788952 58.084439 14.841948 18.675514 29.330857 2.311539
0.980000 210.287069 3.520842 80.005295 58.996553 15.419420 18.753019 31.196084 2.395857
0.990000 212.815683 3.211807 79.205244 59.889138 16.002961 18.838612 33.185557 2.482363
1.000000 215.474644 2.920185 78.389834 60.761934 16.592230 18.931961 35.307375 2.571126
1.010000 218.272101 2.645492 77.560068 61.614712 17.186881 19.032761 37.569968 2.662219
1.020000 221.216537 2.387251 76.716921 62.447274 17.786566 19.140740 39.982065 2.755720
1.030000 224.316722 2.144991 75.861337 63.259451 18.390937 19.255647 42.552644 2.851716
1.040000 227.581643 1.918249 74.994233 64.051101 18.999642 19.377252 45.290869 2.950297
1.050000 231.020411 1.706570 74.116495 64.822111 19.612331 19.505344 48.205999 3.051561
1.060000 234.642155 1.509507 73.228983 65.572392 20.228651 19.639729 51.307283 3.155610
1.070000 238.455876 1.326621 72.332525 66.301883 20.848255 19.780222 54.603819 3.262552
1.080000 242.470277 1.157479 71.427925 67.010544 21.470794 19.926651 58.104386 3.372498
1.090000 246.693556 1.001661 70.515958 67.698360 22.095923 20.078853 61.817236 3.485565
1.100000 251.133153 0.858751 69.597373 68.365334 22.723302 20.236671 65.749847 3.601875
1.110000 255.795458 0.728342 68.672893 69.011493 23.352595 20.399955 69.908630 3.721551
1.120000 260.685471 0.610037 67.743215 69.636880 23.983469 20.568557 74.298593 3.844721
1.130000 265.806414 0.503445 66.809013 70.241558 24.615601 20.742333 78.922949 3.971515
1.140000 271.159290 0.408185 65.870936 70.825603 25.248672 20.921142 83.782684 4.102068
1.150000 276.742404 0.323884 64.929609 71.389108 25.882370 21.104844 88.876075 4.236513
1.160000 282.550846 0.250174 63.985636 71.932181 26.516395 21.293298 94.198173 4.374988
1.170000 288.575949 0.186700 63.039599 72.454940 27.150451 21.486364 99.740265 4.517631
1.180000 294.804749 0.133109 62.092059 72.957516 27.784253 21.683902 105.489330 4.664579
1.190000 301.219451 0.089060 61.143557 73.440050 28.417527 21.885770 111.427515 4.815973
1.200000 307.796968 0.054217 60.194615 73.902691 29.050006 22.091826 117.531661 4.971952
1.210000 314.508535 0.028253 59.245734 74.345599 29.681436 22.301926 123.772933 5.132655
1.220000 321.319471 0.010845 58.297400 74.768938 30.311572 22.515927 130.116567 5.298221
1.230000 328.189116 0.001682 57.350081 75.172881 30.940179 22.733682 136.521824 5.468788
1.240000 335.071013 0.000454 56.404226 75.557606 31.567034 22.955045 142.942154 5.644493
1.250000 341.913346 0.006863 55.460271 75.923294 32.191924 23.179868 149.325652 5.825474
1.260000 348.659698 0.020614 54.518635 76.270132 32.814648 23.408003 155.615802 6.011865
1.270000 355.250117 0.041419 53.579724 76.598309 33.435012 23.639302 161.752551 6.203801
1.280000 361.622489 0.068997 52.643926 76.908017 34.052836 23.873617 167.673681 6.401414
1.290000 367.714184 0.103073 51.711619 77.199452 34.667950 24.110799 173.316453 6.604838
1.300000 373.463904 0.143378 50.783166 77.472810 35.280191 24.350701 178.619455 6.814202
1.310000 378.813630 0.189648 49.858917 77.728288 35.889409 24.593178 183.524552 7.029638
1.320000 383.710579 0.241626 48.939212 77.966085 36.495460 24.838084 187.978837 7.251275
1.330000 388.109011 0.299059 48.024375 78.186402 37.098211 25.085276 191.936445 7.479244
1.340000 391.971796 0.361701 47.114721 78.389437 37.697538 25.334615 195.360111 7.713672
1.350000 395.271606 0.429310 46.210554 78.575392 38.293323 25.585961 198.222373 7.954692
1.360000 397.991674 0.501652 45.312166 78.744467 38.885456 25.839181 200.506319 8.202433
1.370000 400.126061 0.578494 44.419838 78.896862 39.473836 26.094144 202.205859 8.457028
1.380000 401.679435 0.659613 43.533842 79.032778 40.058365 26.350720 203.325507 8.718611
1.390000 402.666406 0.744787 42.654438 79.152415 40.638955 26.608787 203.879706 8.987318
1.400000 403.110473 0.833800 41.781876 79.255974 41.215520 26.868227 203.891787 9.263290
1.410000 403.042698 0.926444 40.916399 79.343654 41.787982 27.128923 203.392628 9.546668
1.420000 402.500189 1.022511 40.058236 79.415657 42.356265 27.390767 202.419151 9.837601
1.430000 401.524521 1.121802 39.207611 79.472181 42.920300 27.653653 201.012731 10.136241
1.440000 400.160170 1.224121 38.364735 79.513429 43.480019 27.917484 199.217638 10.442745
1.450000 398.453061 1.329276 37.529812 79.539599 44.035358 28.182163 197.079575 10.757278
1.460000 396.449260 1.437081 36.703035 79.550894 44.586257 28.447604 194.644379 11.080009
1.470000 394.193877 1.547354 35.884591 79.547514 45.132658 28.713723 191.956920 11.411118
1.480000 391.730177 1.659918 35.074654 79.529660 45.674503 28.980442 189.060208 11.750791
1.490000 389.098900 1.774600 34.273393 79.497536 46.211739 29.247689 185.994718 12.099223
1.500000 386.337792 1.891233 33.480968 79.451345 46.744312 29.515399 182.797918 12.456619
1.510000 383.481308 2.009651 32.697527 79.391290 47.272171 29.783509 179.503968 12.823193
1.520000 380.560469 2.129696 31.923213 79.317575 47.795264 30.051964 176.143586 13.199170
1.530000 377.602852 2.251213 31.158161 79.230408 48.313542 30.320712 172.744028 13.584787
1.540000 374.632667 2.374050 30.402496 79.129995 48.826957 30.589709 169.329172 13.980290
1.550000 371.670918 2.498060 29.656335 79.016543 49.335458 30.858911 165.919672 14.385939
1.560000 368.735608 2.623100 28.919790 78.890262 49.839000 31.128282 162.533168 14.802006
1.570000 365.841974 2.749032 28.192962 78.751362 50.337536 31.397790 159.184520 15.228772
1.580000 363.002744 2.875720 27.475947 78.600055 50.831018 31.667403 155.886065 15.666536
1.590000 360.228399 3.003031 26.768833 78.436555 51.319404 31.937098 152.647875 16.115604
1.600000 357.527419 3.130837 26.071702 78.261074 51.802650 32.206849 149.478009 16.576298
1.610000 354.906536 3.259011 25.384630 78.073828 52.280714 32.476637 146.382762 17.048953
1.620000 352.370955 3.387431 24.707686 77.875035 52.753558 32.746444 143.366887 17.533914
1.630000 349.924570 3.515975 24.040936 77.664911 53.221146 33.016251 140.433811 18.031540
1.640000 347.570154 3.644522 23.384438 77.443676 53.683447 33.286044 137.585824 18.542203
1.650000 345.309528 3.772952 22.738252 77.211549 54.140434 33.555806 134.824252 19.066283
1.660000 343.143723 3.901144 22.102432 76.968751 54.592088 33.825521 132.149611 19.604176
1.670000 341.073108 4.028973 21.477034 76.715504 55.038398 34.095172 129.561743 20.156284
1.680000 339.097516 4.156309 20.862117 76.452028 55.479364 34.364741 127.059934 20.723023
1.690000 337.216343 4.283010 20.257747 76.178548 55.915001 34.634204 124.643017 21.304816
1.700000 335.428643 4.408917 19.664005 75.895286 56.345342 34.903536 122.309460 21.902096
1.710000 333.733201 4.533840 19.080993 75.602463 56.770448 35.172705 120.057447 22.515304
1.720000 332.128607 4.657538 18.508857 75.300304 57.190412 35.441671 117.884938 23.144887
1.730000 330.613301 4.779680 17.947809 74.989030 57.605375 35.710384 115.789725 23.791298
1.740000 329.185616 4.899764 17.398185 74.668862 58.015543 35.978782 113.769483 24.454998
1.750000 327.843764 5.016945 16.860549 74.340017 58.421219 36.246785 111.821801 25.136448
1.760000 326.585708 5.129599 16.335928 74.002713 58.822841 36.514290 109.944219 25.836118
1.770000 325.408499 5.234003 15.826384 73.657157 59.221063 36.781164 108.134252 26.554476
1.780000 324.304794 5.319002 15.336738 73.303544 59.616875 37.047229 106.389410 27.291995
1.790000 323.231531 5.327709 14.881338 72.942043 60.011830 37.312249 104.707213 28.049148
1.800000 328.506018 11.507257 14.530034 72.572736 60.408478 37.575898 103.085203 28.826412
1.810000 329.595387 5.992435 21.613341 72.195403 60.811281 37.837718 101.520947 29.624262
1.820000 320.563648 6.007241 12.967596 71.807789 61.228755 38.097045 100.012042 30.443180
1.830000 319.889374 6.088135 12.662824 71.266441 61.679341 38.352875 98.556109 31.283649
1.840000 319.584613 6.184935 12.260207 71.027274 62.211638 38.603620 97.150779 32.146161
1.850000 319.435086 6.287331 11.841187 70.626858 63.008222 38.846595 95.793675 33.031219
1.860000 321.393647 6.391824 11.421518 70.217286 65.864422 39.076882 94.482370 33.939346
1.870000 314.139834 6.496887 11.006340 69.801566 59.465263 39.284365 93.214319 34.871094
1.880000 315.569397 6.601740 10.597800 69.380029 61.731668 39.444355 91.986744 35.827062
1.890000 315.391693 6.705931 10.196930 68.952878 62.455154 39.476468 90.796412 36.807919
1.900000 314.405072 6.809181 9.804266 68.520304 62.933997 38.883678 89.639203 37.814442
1.910000 320.942563 6.911302 9.420100 68.082498 63.324985 45.846946 88.509158 38.847574
1.920000 316.598190 7.012159 9.044585 67.639650 63.671874 41.925245 87.396162 39.908515
1.930000 316.016993 7.111653 8.677796 67.191947 63.991687 41.765914 86.279116 40.998879
1.940000 315.655880 7.209710 8.319761 66.739578 64.292420 41.873766 85.099697 42.120948
1.950000 315.068567 7.306266 7.970474 66.282725 64.578329 42.059046 83.593579 43.278147
1.960000 303.995921 7.401274 7.629908 65.821572 64.851886 42.277118 71.538220 44.475942
1.970000 317.918944 7.494692 7.298021 65.356297 65.114626 42.511979 84.419611 45.723717
1.980000 317.410134 7.586484 6.974759 64.887077 65.367558 42.756455 82.798686 47.039115
1.990000 317.563518 7.676622 6.660062 64.414084 65.611371 43.006832 81.734860 48.459688
2.000000 318.065663 7.765077 6.353863 63.937490 65.846556 43.260985 80.819902 50.081789
2.010000 319.183188 7.851828 6.056091 63.457461 66.073477 43.517599 79.978328 52.248404
2.020000 323.652494 7.936856 5.766670 62.974161 66.292406 43.775807 79.185234 57.721361
2.030000 308.764320 8.020141 5.485522 62.487753 66.503559 44.035008 78.429654 43.802683
2.040000 315.098794 8.101668 5.212568 61.998392 66.707109 44.294766 77.705757 51.078533
2.050000 316.571505 8.181425 4.947726 61.506235 66.903198 44.554750 77.009984 53.468187
2.060000 317.461560 8.259398 4.690913 61.011434 67.091948 44.814702 76.339916 55.253248
2.070000 318.188412 8.335577 4.442044 60.514136 67.273463 45.074415 75.693770 56.855007
2.080000 318.861310 8.409953 4.201034 60.014489 67.447837 45.333713 75.070139 58.384145
2.090000 319.520412 8.482518 3.967798 59.512634 67.615153 45.592451 74.467863 59.881995
2.100000 320.183290 8.553264 3.742249 59.008712 67.775491 45.850499 73.885945 61.367130
2.110000 320.858335 8.622187 3.524299 58.502859 67.928923 46.107744 73.323509 62.848813
2.120000 321.549620 8.689281 3.313862 57.995211 68.075519 46.364083 72.779766 64.331898
2.130000 322.258964 8.754543 3.110850 57.485898 68.215345 46.619423 72.253996 65.818909
2.140000 322.986905 8.817969 2.915176 56.975050 68.348467 46.873678 71.745535 67.311030
2.150000 323.733202 8.879559 2.726751 56.462792 68.474947 47.126768 71.253761 68.808624
2.160000 324.497119 8.939310 2.545487 55.949249 68.594849 47.378618 70.778095 70.311511
2.170000 325.277579 8.997222 2.371297 55.434542 68.708233 47.629159 70.317987 71.819139
2.180000 326.073268 9.053296 2.204092 54.918789 68.815160 47.878324 69.872919 73.330689
2.190000 326.882698 9.107533 2.043784 54.402108 68.915690 48.126050 69.442395 74.845138
2.200000 327.704249 9.159935 1.890284 53.884612 69.009885 48.372280 69.025944 76.361309
2.210000 328.536195 9.210505 1.743506 53.366413 69.097803 48.616955 68.623115 77.877898
2.220000 329.376733 9.259245 1.603361 52.847621 69.179504 48.860024 68.233477 79.393501
2.230000 330.223993 9.306160 1.469762 52.328345 69.255047 49.101435 67.856615 80.906629
2.240000 331.076051 9.351254 1.342619 51.808690 69.324493 49.341141 67.492129 82.415726
2.250000 331.930944 9.394532 1.221846 51.288761 69.387899 49.579096 67.139635 83.919176
2.260000 332.786677 9.436001 1.107354 50.768658 69.445325 49.815258 66.798763 85.415317
2.270000 333.641228 9.475667 0.999057 50.248482 69.496830 50.049585 66.469156 86.902451
2.280000 334.492561 9.513536 0.896867 49.728333 69.542471 50.282040 66.150467 88.378847
2.290000 335.338631 9.549616 0.800696 49.208307 69.582307 50.512588 65.842362 89.842755
2.300000 336.177391 9.583916 0.710457 48.688499 69.616396 50.741193 65.544517 91.292413
2.310000 337.006797 9.616444 0.626063 48.169002 69.644795 50.967825 65.256619 92.726049
2.320000 337.824820 9.647209 0.547427 47.649909 69.667561 51.192454 64.978364 94.141895
2.330000 338.629448 9.676221 0.474462 47.131311 69.684751 51.415054 64.709456 95.538192
2.340000 339.418692 9.703491 0.407081 46.613297 69.696422 51.635599 64.449609 96.913194
2.350000 340.190598 9.729028 0.345197 46.095954 69.702629 51.854065 64.198545 98.265180
2.360000 340.943249 9.752844 0.288724 45.579369 69.703427 52.070431 63.955995 99.592457
2.370000 341.674773 9.774952 0.237575 45.063628 69.698873 52.284679 63.721696 100.893370
2.380000 342.383348 9.795362 0.191665 44.548813 69.689018 52.496790 63.495393 102.166307
2.390000 343.067211 9.814088 0.150906 44.035007 69.673919 52.706748 63.276839 103.409704
2.400000 343.724663 9.831142 0.115213 43.522292 69.653628 52.914539 63.065793 104.622056
2.410000 344.354072 9.846538 0.084500 43.010747 69.628199 53.120151 62.862020 105.801917
2.420000 344.953883 9.860291 0.058681 42.500452 69.597683 53.323572 62.665294 106.947911
2.430000 345.522619 9.872413 0.037671 41.991483 69.562132 53.524793 62.475393 108.058734
2.440000 346.058891 9.882920 0.021385 41.483917 69.521598 53.723805 62.292102 109.133163
2.450000 346.561396 9.891827 0.009738 40.977830 69.476132 53.920602 62.115212 110.170056
2.460000 347.028929 9.899149 0.002644 40.473295 69.425783 54.115178 61.944520 111.168360
2.470000 347.460379 9.904902 0.000020 39.970386 69.370603 54.307527 61.779828 112.127112
2.480000 347.854737 9.909102 0.001781 39.469173 69.310640 54.497647 61.620946 113.045448
2.490000 348.211097 9.911765 0.007842 38.969727 69.245943 54.685536 61.467687 113.922597
2.500000 348.528661 9.912908 0.018121 38.472118 69.176561 54.871191 61.319870 114.757891
2.510000 348.806734 9.912548 0.032535 37.976413 69.102542 55.054611 61.177320 115.550764
2.520000 349.044733 9.910702 0.050999 37.482680 69.023934 55.235798 61.039867 116.300753
2.530000 349.242182 9.907388 0.073431 36.990984 68.940784 55.414751 60.907346 117.007498
2.540000 349.398714 9.902623 0.099750 36.501389 68.853140 55.591471 60.779597 117.670744
2.550000 349.514071 9.896425 0.129873 36.013960 68.761047 55.765962 60.656464 118.290340
2.560000 349.588100 9.888812 0.163718 35.528757 68.664554 55.938224 60.537798 118.866236
2.570000 349.620755 9.879804 0.201206 35.045843 68.563705 56.108261 60.423453 119.398483
2.580000 349.612093 9.869418 0.242255 34.565276 68.458547 56.276076 60.313289 119.887232
2.590000 349.562269 9.857673 0.286785 34.087116 68.349126 56.441672 60.207169 120.332729
2.600000 349.471538 9.844588 0.334717 33.611418 68.235487 56.605053 60.104961 120.735314
2.610000 349.340245 9.830182 0.385972 33.138239 68.117677 56.766222 60.006539 121.095414
2.620000 349.168826 9.814474 0.440472 32.667634 67.995740 56.925183 59.911779 121.413544
2.630000 348.957802 9.797484 0.498138 32.199655 67.869722 57.081941 59.820563 121.690300
2.640000 348.707774 9.779230 0.558894 31.734356 67.739667 57.236498 59.732776 121.926353
2.650000 348.419417 9.759734 0.622663 31.271785 67.605623 57.388860 59.648307 122.122446
2.660000 348.093477 9.739013 0.689368 30.811994 67.467633 57.539029 59.567050 122.279390
2.670000 347.730763 9.717087 0.758935 30.355030 67.325742 57.687009 59.488903 122.398057
2.680000 347.332145 9.693977 0.831289 29.900939 67.179997 57.832805 59.413765 122.479373
2.690000 346.898545 9.669702 0.906356 29.449767 67.030442 57.976418 59.341542 122.524317
2.700000 346.430932 9.644281 0.984063 29.001559 66.877123 58.117853 59.272142 122.533911
2.710000 345.930321 9.617735 1.064337 28.556356 66.720085 58.257112 59.205477 122.509219
2.720000 345.397758 9.590084 1.147106 28.114200 66.559373 58.394198 59.141461 122.451335
2.730000 344.834324 9.561346 1.232300 27.675132 66.395034 58.529113 59.080013 122.361387
2.740000 344.241125 9.531542 1.319848 27.239189 66.227112 58.661858 59.021055 122.240520
2.750000 343.619287 9.500691 1.409681 26.806410 66.055654 58.792437 58.964510 122.089904
2.760000 342.969952 9.468814 1.501729 26.376831 65.880706 58.920851 58.910305 121.910717
2.770000 342.294273 9.435929 1.595926 25.950485 65.702314 59.047100 58.858372 121.704148
2.780000 341.593408 9.402057 1.692203 25.527406 65.520523 59.171185 58.808643 121.471390
2.790000 340.868517 9.367217 1.790495 25.107627 65.335380 59.293108 58.761054 121.213637
2.800000 340.120759 9.331428 1.890736 24.691178 65.146932 59.412867 58.715542 120.932076
2.810000 339.351286 9.294710 1.992862 24.278088 64.955226 59.530464 58.672048 120.627888
2.820000 338.561240 9.257082 2.096808 23.868386 64.760307 59.645897 58.630515 120.302245
2.830000 337.751751 9.218563 2.202513 23.462098 64.562223 59.759167 58.590888 119.956299
2.840000 336.923932 9.179173 2.309912 23.059250 64.361020 59.870272 58.553114 119.591191
2.850000 336.078879 9.138930 2.418947 22.659866 64.156746 59.979211 58.517142 119.208036
2.860000 335.217665 9.097853 2.529555 22.263970 63.949448 60.085983 58.482923 118.807933
2.870000 334.341341 9.055962 2.641677 21.871583 63.739173 60.190587 58.450410 118.391950
2.880000 333.450933 9.013274 2.755255 21.482725 63.525968 60.293019 58.419557 117.961135
2.890000 332.547440 8.969809 2.870231 21.097417 63.309880 60.393279 58.390320 117.516504
2.900000 331.631833 8.925584 2.986547 20.715676 63.090957 60.491365 58.362658 117.059046
2.910000 330.705054 8.880619 3.104147 20.337520 62.869247 60.587273 58.336529 116.589719
2.920000 329.768014 8.834931 3.222976 19.962965 62.644797 60.681002 58.311893 116.109450
2.930000 328.821595 8.788538 3.342980 19.592025 62.417653 60.772549 58.288713 115.619136
2.940000 327.866646 8.741458 3.464104 19.224715 62.187865 60.861912 58.266952 115.119640
2.950000 326.903984 8.693710 3.586295 18.861047 61.955478 60.949089 58.246573 114.611792
2.960000 325.934395 8.645310 3.709502 18.501033 61.720541 61.034076 58.227541 114.096393
2.970000 324.958633 8.596275 3.833673 18.144684 61.483100 61.116871 58.209823 113.574207
2.980000 323.977420 8.546625 3.958758 17.792009 61.243203 61.197471 58.193385 113.045969
2.990000 322.991446 8.496375 4.084706 17.443018 61.000897 61.275875 58.178196 112.512380
3.000000 322.001370 8.445542 4.211469 17.097717 60.756229 61.352079 58.164223 111.974110
3.010000 321.007820 8.394145 4.338999 16.756115 60.509245 61.426082 58.151436 111.431798
3.020000 320.011394 8.342198 4.467248 16.418216 60.259993 61.497881 58.139804 110.886053
3.030000 319.012661 8.289719 4.596169 16.084027 60.008519 61.567475 58.129299 110.337451
3.040000 318.012159 8.236725 4.725717 15.753552 59.754869 61.634861 58.119891 109.786543
3.050000 317.010399 8.183231 4.855846 15.426794 59.499089 61.700038 58.111552 109.233848
3.060000 316.007865 8.129254 4.986512 15.103756 59.241226 61.763005 58.104253 108.679860
3.070000 315.005014 8.074810 5.117671 14.784440 58.981324 61.823760 58.097966 108.125043
3.080000 314.002277 8.019915 5.249279 14.468847 58.719430 61.882303 58.092665 107.569838
3.090000 313.000059 7.964583 5.381295 14.156978 58.455588 61.938632 58.088323 107.014659
3.100000 311.998742 7.908832 5.513677 13.848833 58.189844 61.992748 58.084912 106.459896
3.110000 310.998686 7.852676 5.646384 13.544411 57.922241 62.044650 58.082406 105.905918
3.120000 310.000227 7.796131 5.779375 13.243710 57.652825 62.094339 58.080779 105.353068
3.130000 309.003679 7.739211 5.912611 12.946728 57.381639 62.141815 58.080005 104.801670
3.140000 308.009339 7.681932 6.046052 12.653464 57.108727 62.187078 58.080059 104.252027
3.150000 307.017480 7.624309 6.179660 12.363912 56.834131 62.230131 58.080914 103.704422
3.160000 306.028360 7.566356 6.313398 12.078071 56.557896 62.270975 58.082545 103.159119
3.170000 305.042217 7.508087 6.447228 11.795934 56.280064 62.309611 58.084928 102.616364
3.180000 304.059272 7.449518 6.581114 11.517498 56.000677 62.346042 58.088035 102.076388
3.190000 303.079731 7.390662 6.715019 11.242757 55.719776 62.380271 58.091844 101.539402
3.200000 302.103784 7.331534 6.848908 10.971706 55.437404 62.412300 58.096328 101.005605
3.210000 301.131606 7.272147 6.982747 10.704336 55.153601 62.442133 58.101464 100.475179
3.220000 300.163359 7.212515 7.116500 10.440643 54.868408 62.469773 58.107225 99.948294
3.230000 299.199192 7.152652 7.250136 10.180619 54.581866 62.495225 58.113589 99.425104
3.240000 298.239239 7.092572 7.383620 9.924256 54.294014 62.518493 58.120530 98.905754
3.250000 297.283627 7.032288 7.516919 9.671545 54.004893 62.539582 58.128024 98.390375
3.260000 296.332466 6.971813 7.650003 9.422479 53.714541 62.558496 58.136047 97.879087
3.270000 295.385861 6.911161 7.782838 9.177049 53.422996 62.575242 58.144575 97.371999
3.280000 294.443904 6.850344 7.915396 8.935245 53.130299 62.589826 58.153584 96.869211
3.290000 293.506678 6.789375 8.047644 8.697058 52.836486 62.602252 58.163050 96.370813
3.300000 292.574257 6.728266 8.179554 8.462478 52.541595 62.612529 58.172950 95.876885
3.310000 291.646709 6.667032 8.311095 8.231494 52.245664 62.620662 58.183260 95.387502
3.320000 290.724090 6.605683 8.442240 8.004096 51.948729 62.626659 58.193958 94.902726
3.330000 289.806454 6.544232 8.572959 7.780273 51.650826 62.630527 58.205019 94.422617
3.340000 288.893843 6.482692 8.703226 7.560013 51.351993 62.632274 58.216422 93.947223
3.350000 287.986295 6.421074 8.833012 7.343305 51.052264 62.631909 58.228143 93.476588
3.360000 287.083843 6.359390 8.962290 7.130137 50.751676 62.629438 58.240160 93.010750
3.370000 286.186511 6.297653 9.091036 6.920497 50.450263 62.624871 58.252452 92.549740
3.380000 285.294322 6.235872 9.219222 6.714373 50.148059 62.618217 58.264995 92.093584
3.390000 284.407290 6.174061 9.346823 6.511750 49.845100 62.609485 58.277769 91.642303
3.400000 283.525426 6.112230 9.473815 6.312617 49.541418 62.598683 58.290752 91.195911
3.410000 282.648738 6.050390 9.600173 6.116960 49.237049 62.585821 58.303922 90.754422
3.420000 281.777226 5.988553 9.725874 5.924765 48.932024 62.570910 58.317260 90.317840
3.430000 280.910892 5.926729 9.850893 5.736019 48.626378 62.553958 58.330745 89.886169
3.440000 280.049728 5.864929 9.975209 5.550707 48.320143 62.534977 58.344356 89.459408
3.450000 279.193727 5.803164 10.098798 5.368814 48.013350 62.513975 58.358074 89.037553
3.460000 278.342878 5.741443 10.221639 5.190327 47.706034 62.490963 58.371878 88.620594
3.470000 277.497166 5.679779 10.343710 5.015229 47.398224 62.465953 58.385751 88.208521
3.480000 276.656575 5.618179 10.464990 4.843506 47.089953 62.438953 58.399673 87.801320
3.490000 275.821085 5.556655 10.585459 4.675143 46.781251 62.409976 58.413626 87.398974
3.500000 274.990673 5.495217 10.705096 4.510122 46.472151 62.379032 58.427592 87.001463
